<?xml version="1.0" encoding="UTF-8"?>
<!-- Generated by org.testng.reporters.JUnitReportReporter -->
<testsuite skipped="0" hostname="INLN56578362A" name="com.framework.testcases.Testcasewithframework" tests="1" failures="0" timestamp="05 Jul 2019 04:23:01 GMT" time="17.144" errors="0">
  <testcase name="test" time="17.144" classname="com.framework.testcases.Testcasewithframework"/>
</testsuite> <!-- com.framework.testcases.Testcasewithframework -->
