<?xml version="1.0" encoding="UTF-8"?>
<!-- Generated by org.testng.reporters.JUnitReportReporter -->
<testsuite skipped="0" hostname="INLN56578362A" name="com.framework.testcases.Testcasewithframework" tests="1" failures="0" timestamp="16 Jun 2019 17:12:05 GMT" time="31.467" errors="0">
  <testcase name="test" time="31.467" classname="com.framework.testcases.Testcasewithframework"/>
</testsuite> <!-- com.framework.testcases.Testcasewithframework -->
