<?xml version="1.0" encoding="UTF-8"?>
<!-- Generated by org.testng.reporters.JUnitReportReporter -->
<testsuite skipped="0" hostname="IN-BLR-SHRVSL27" name="com.framework.testcases.Testcasewithframework" tests="1" failures="0" timestamp="05 Aug 2019 11:44:45 GMT" time="24.637" errors="0">
  <testcase name="test" time="24.637" classname="com.framework.testcases.Testcasewithframework"/>
</testsuite> <!-- com.framework.testcases.Testcasewithframework -->
