<?xml version="1.0" encoding="UTF-8"?>
<!-- Generated by org.testng.reporters.JUnitReportReporter -->
<testsuite skipped="0" hostname="INLN56578362A" name="com.framework.testcases.Testcasewithframework" tests="1" failures="0" timestamp="17 Jun 2019 16:31:10 GMT" time="14.342" errors="0">
  <testcase name="test" time="14.342" classname="com.framework.testcases.Testcasewithframework"/>
</testsuite> <!-- com.framework.testcases.Testcasewithframework -->
